<?xml version="1.0"?>
<!DOCTYPE coverage SYSTEM "http://cobertura.sourceforge.net/xml/coverage-04.dtd">

<coverage line-rate="0.5714285714285714" branch-rate="1.0" lines-covered="4" lines-valid="7" branches-covered="0" branches-valid="0" complexity="0.0" version="1.9.4" timestamp="1301343151579">
	<sources>
		<source>C:/Users/maverix/workspace/test-flex-workspace/TestSonar/src/main/flex</source>
	</sources>
	<packages>
		<package name="com.tgeorgiev.util" line-rate="0.6666666666666666" branch-rate="1.0" complexity="0.0">
			<classes>
				<class name="com.tgeorgiev.util.BasicArithmeticOperations" filename="com/tgeorgiev/util/BasicArithmeticOperations.java" line-rate="0.6666666666666666" branch-rate="1.0" complexity="0.0">
					<methods>
					</methods>
					<lines>
						<line number="1" hits="1" branch="false"/>
						<line number="7" hits="1" branch="false"/>
						<line number="12" hits="1" branch="false"/>
						<line number="17" hits="1" branch="false"/>
						<line number="22" hits="0" branch="false"/>
						<line number="26" hits="0" branch="false"/>
					</lines>
				</class>
			</classes>
		</package>
        <package name="" line-rate="0.0" branch-rate="1.0" complexity="0.0">
          <classes>
            <class name=".TestSonar" filename="TestSonar.java" line-rate="0.0" branch-rate="1.0" complexity="0.0">
              <methods>
              </methods>
              <lines>
                <line number="5" hits="0" branch="false"/>
              </lines>
            </class>
          </classes>
        </package>
	</packages>
</coverage>
